###############################################################
#  Generated by:      Cadence Innovus 21.13-s100_1
#  OS:                Linux x86_64(Host ID ic55)
#  Generated on:      Sun Oct 15 13:56:13 2023
#  Design:            top
#  Command:           report_timing > timing.rpt
###############################################################
Path 1: MET Setup Check with Pin randomize/data_out_reg_51_/CK 
Endpoint:   randomize/data_out_reg_51_/D (^) checked with  leading edge of 'CLK'
Beginpoint: sequencer/round_reg_0_/Q     (^) triggered by  leading edge of 'CLK'
Path Groups: {CLK}
Analysis View: generic_view
Other End Arrival Time          0.000
- Setup                         0.082
+ Phase Shift                   8.000
= Required Time                 7.918
- Arrival Time                  7.806
= Slack Time                    0.111
     Clock Rise Edge                 0.000
     + Clock Network Latency (Ideal) 0.000
     = Beginpoint Arrival Time       0.000
     +------------------------------------------------------------------------------------------+ 
     |             Instance             |     Arc      |   Cell    | Delay | Arrival | Required | 
     |                                  |              |           |       |  Time   |   Time   | 
     |----------------------------------+--------------+-----------+-------+---------+----------| 
     | sequencer/round_reg_0_           | CK ^         |           |       |   0.000 |    0.111 | 
     | sequencer/round_reg_0_           | CK ^ -> Q ^  | DFF_X2    | 0.495 |   0.495 |    0.606 | 
     | randomize/U48                    | A ^ -> ZN v  | INV_X1    | 0.103 |   0.598 |    0.710 | 
     | randomize/U49                    | A v -> ZN ^  | AOI221_X1 | 0.444 |   1.042 |    1.153 | 
     | randomize/U41                    | C1 ^ -> ZN v | AOI211_X1 | 0.116 |   1.158 |    1.270 | 
     | randomize/U62                    | A1 v -> ZN ^ | NOR2_X1   | 0.119 |   1.277 |    1.389 | 
     | randomize/U63                    | B2 ^ -> ZN v | OAI21_X1  | 0.066 |   1.343 |    1.455 | 
     | randomize/U42                    | A v -> ZN ^  | OAI21_X2  | 0.085 |   1.428 |    1.540 | 
     | FE_PDC85_randomize_n47           | A ^ -> Z ^   | CLKBUF_X3 | 0.248 |   1.676 |    1.788 | 
     | FE_PDC84_randomize_n47           | A ^ -> Z ^   | BUF_X4    | 0.387 |   2.064 |    2.175 | 
     | randomize/U5                     | A ^ -> ZN v  | INV_X2    | 0.097 |   2.160 |    2.272 | 
     | FE_PDC96_randomize_n110          | A v -> Z v   | BUF_X2    | 0.119 |   2.280 |    2.391 | 
     | FE_PSC77_FE_PDN96_randomize_n110 | A v -> Z v   | CLKBUF_X1 | 0.145 |   2.425 |    2.536 | 
     | FE_PSC68_FE_PDN96_randomize_n110 | A v -> Z v   | BUF_X4    | 0.137 |   2.562 |    2.674 | 
     | randomize/U128                   | B2 v -> ZN ^ | AOI22_X1  | 0.258 |   2.820 |    2.931 | 
     | randomize/U129                   | A ^ -> ZN v  | INV_X1    | 0.073 |   2.893 |    3.005 | 
     | randomize/U131                   | B1 v -> ZN ^ | AOI21_X1  | 0.110 |   3.003 |    3.114 | 
     | randomize/U132                   | A ^ -> ZN v  | OAI21_X1  | 0.083 |   3.086 |    3.197 | 
     | randomize/f_func/U57             | A v -> Z ^   | XOR2_X1   | 0.500 |   3.585 |    3.697 | 
     | randomize/f_func/sbox4b/U26      | A ^ -> ZN v  | INV_X1    | 0.093 |   3.678 |    3.790 | 
     | randomize/f_func/sbox4b/U69      | A3 v -> ZN ^ | NAND3_X1  | 0.261 |   3.940 |    4.051 | 
     | randomize/f_func/sbox4b/U140     | A1 ^ -> ZN v | NOR2_X1   | 0.128 |   4.067 |    4.179 | 
     | randomize/f_func/sbox4b/U229     | A4 v -> ZN v | OR4_X1    | 0.517 |   4.585 |    4.696 | 
     | randomize/f_func/sbox4b/U297     | A3 v -> ZN v | OR3_X1    | 0.363 |   4.947 |    5.059 | 
     | randomize/f_func/sbox4b/U298     | A3 v -> ZN ^ | NOR3_X1   | 0.318 |   5.265 |    5.376 | 
     | randomize/f_func/sbox4b/U325     | A3 ^ -> ZN v | NAND4_X1  | 0.159 |   5.424 |    5.535 | 
     | randomize/f_func/sbox4b/U326     | A4 v -> ZN ^ | NOR4_X2   | 0.368 |   5.792 |    5.903 | 
     | randomize/f_func/sbox4b/U330     | A1 ^ -> ZN v | OAI22_X1  | 0.090 |   5.882 |    5.993 | 
     | randomize/f_func/sbox4b/U331     | A v -> ZN ^  | AOI21_X1  | 0.213 |   6.094 |    6.206 | 
     | randomize/f_func/sbox4b/U332     | A ^ -> ZN v  | OAI221_X2 | 0.172 |   6.267 |    6.378 | 
     | randomize/f_func/p_func/U31      | A v -> Z ^   | XOR2_X1   | 0.356 |   6.622 |    6.734 | 
     | randomize/f_func/p_func/U34      | B ^ -> Z ^   | XOR2_X2   | 0.251 |   6.873 |    6.985 | 
     | randomize/f_func/p_func/U36      | B ^ -> ZN ^  | XNOR2_X1  | 0.157 |   7.031 |    7.142 | 
     | randomize/f_func/p_func/U37      | A ^ -> ZN ^  | XNOR2_X1  | 0.214 |   7.244 |    7.356 | 
     | randomize/U616                   | B ^ -> Z ^   | XOR2_X1   | 0.346 |   7.591 |    7.702 | 
     | randomize/U617                   | B2 ^ -> ZN v | AOI22_X1  | 0.110 |   7.701 |    7.813 | 
     | randomize/U622                   | A1 v -> ZN ^ | NAND4_X1  | 0.105 |   7.806 |    7.917 | 
     | randomize/data_out_reg_51_       | D ^          | DFF_X2    | 0.000 |   7.806 |    7.918 | 
     +------------------------------------------------------------------------------------------+ 

